2020-03-08 18:25:54,695_MainThread_[INFO] : Enter username: admin
2020-03-08 18:25:54,946_MainThread_[INFO] : Enter password: admin1
2020-03-08 18:26:25,348_MainThread_[INFO] : Enter username: admin
2020-03-08 18:26:25,613_MainThread_[INFO] : Enter password: admin
2020-03-08 18:28:08,334_MainThread_[INFO] : Enter username: admin
2020-03-08 18:28:08,603_MainThread_[INFO] : Enter password: admin
2020-03-08 18:28:19,551_MainThread_[INFO] : init home page
2020-03-08 18:28:21,690_MainThread_[INFO] : 块设备管理 页面
2020-03-08 18:28:24,257_MainThread_[INFO] : 日志管理 页面
2020-03-08 18:28:27,307_MainThread_[INFO] : 权限管理 页面
2020-03-08 18:32:56,902_MainThread_[INFO] : Enter username: admin
2020-03-08 18:32:57,141_MainThread_[INFO] : Enter password: admin
2020-03-08 18:32:58,447_MainThread_[INFO] : init home page
2020-03-08 18:33:00,229_MainThread_[INFO] : init and click setting menu
2020-03-08 18:33:00,307_MainThread_[INFO] : click store setting menu 
2020-03-08 18:33:02,308_MainThread_[INFO] : set client  port:1234
2020-03-08 18:35:11,530_MainThread_[INFO] : Enter username: admin
2020-03-08 18:35:11,784_MainThread_[INFO] : Enter password: admin
2020-03-08 18:35:13,113_MainThread_[INFO] : init home page
2020-03-08 18:35:14,795_MainThread_[INFO] : init and click setting menu
2020-03-08 18:35:14,931_MainThread_[INFO] : click store setting menu 
2020-03-08 18:35:16,933_MainThread_[INFO] : set client  port:1234
2020-03-08 18:35:18,560_MainThread_[INFO] : 设置端口_dialog_success
2020-03-08 18:37:29,410_MainThread_[INFO] : Enter username: admin
2020-03-08 18:37:29,676_MainThread_[INFO] : Enter password: admin
2020-03-08 18:37:34,482_MainThread_[INFO] : devgroup wait 5s
2020-03-08 18:37:39,513_MainThread_[INFO] : default group exist is : True
2020-03-08 18:37:43,549_MainThread_[ERROR] : click_btn error: Message: no such element: Unable to locate element: {"method":"css selector","selector":"td.has-split[title=dev12]"}
  (Session info: chrome=80.0.3987.132)

2020-03-08 18:37:44,865_MainThread_[INFO] : 通过nodeip增加设备 成功
2020-03-08 18:38:40,808_MainThread_[INFO] : Enter username: admin
2020-03-08 18:38:41,020_MainThread_[INFO] : Enter password: admin
2020-03-08 18:38:45,217_MainThread_[INFO] : devgroup wait 5s
2020-03-08 18:38:50,240_MainThread_[INFO] : default group exist is : True
2020-03-08 18:38:52,937_MainThread_[INFO] : dev12 group exist is : True
2020-03-08 18:38:57,308_MainThread_[INFO] : 通过nodeip增加设备 成功
2020-03-08 18:38:57,921_MainThread_[INFO] : enter_node_ip_and_click okkkk
2020-03-08 18:38:57,921_MainThread_[INFO] : wait enter_node_ip_and_click 5s 
2020-03-08 18:39:03,093_MainThread_[INFO] : firstdevID : 25 
2020-03-08 18:39:05,590_MainThread_[INFO] : devgrp_dialog_success
2020-03-08 18:39:06,298_MainThread_[INFO] : select_firstonedevice_from_nodeipdevlist check ok
2020-03-08 18:39:06,298_MainThread_[INFO] : select_firstonedevice_from_nodeipdevlist pass
2020-03-08 18:39:41,273_MainThread_[INFO] : Enter username: admin
2020-03-08 18:39:41,524_MainThread_[INFO] : Enter password: admin
2020-03-08 18:39:46,172_MainThread_[INFO] : devgroup wait 5s
2020-03-08 18:39:51,200_MainThread_[INFO] : default group exist is : True
2020-03-08 18:39:51,564_MainThread_[INFO] : dev12 group exist is : True
2020-03-08 18:39:55,708_MainThread_[ERROR] : click_btn error: Message: element click intercepted: Element <td class="has-split toe" title="...">dev12</td> is not clickable at point (664, 228). Other element would receive the click: <div class="dialog-container" index="1"></div>
  (Session info: chrome=80.0.3987.132)

2020-03-08 18:39:59,523_MainThread_[ERROR] : click_btn error: Message: element not interactable
  (Session info: chrome=80.0.3987.132)

2020-03-08 18:39:59,725_MainThread_[ERROR] : 通过nodeip增加设备 失败
2020-03-08 18:43:03,092_MainThread_[INFO] : Enter username: admin
2020-03-08 18:43:03,334_MainThread_[INFO] : Enter password: admin
2020-03-08 18:43:08,091_MainThread_[INFO] : devgroup wait 5s
2020-03-08 18:43:13,125_MainThread_[INFO] : default group exist is : True
2020-03-08 18:43:13,155_MainThread_[INFO] : dev12 group exist is : True
2020-03-08 18:43:13,156_MainThread_[ERROR] : Dev group dev12 is exist
2020-03-08 18:43:15,583_MainThread_[INFO] : 通过nodeip增加设备 成功
2020-03-08 18:43:16,269_MainThread_[INFO] : enter_node_ip_and_click okkkk
2020-03-08 18:43:16,269_MainThread_[INFO] : wait enter_node_ip_and_click 5s 
2020-03-08 18:43:21,472_MainThread_[INFO] : firstdevID : 25 
2020-03-08 18:43:23,987_MainThread_[INFO] : devgrp_dialog_success
2020-03-08 18:43:24,702_MainThread_[INFO] : select_firstonedevice_from_nodeipdevlist check ok
2020-03-08 18:43:24,703_MainThread_[INFO] : select_firstonedevice_from_nodeipdevlist pass
