2019-03-11 18:23:15,747_MainThread_[INFO] : Enter username: admin
2019-03-11 18:23:15,963_MainThread_[INFO] : Enter password: admin
2019-03-11 18:23:17,538_MainThread_[INFO] : devgroup wait 2s
2019-03-11 18:26:12,337_MainThread_[INFO] : Enter username: admin
2019-03-11 18:26:12,540_MainThread_[INFO] : Enter password: admin
2019-03-11 18:26:14,232_MainThread_[INFO] : devgroup wait 2s
2019-03-11 18:27:52,164_MainThread_[INFO] : Enter username: admin
2019-03-11 18:27:52,339_MainThread_[INFO] : Enter password: admin
2019-03-11 18:27:53,713_MainThread_[INFO] : devgroup wait 2s
2019-03-11 18:30:14,664_MainThread_[INFO] : Enter username: admin
2019-03-11 18:30:14,838_MainThread_[INFO] : Enter password: admin
2019-03-11 18:30:16,290_MainThread_[INFO] : devgroup wait 2s
2019-03-11 18:35:12,153_MainThread_[INFO] : Enter username: admin
2019-03-11 18:35:12,443_MainThread_[INFO] : Enter password: admin
2019-03-11 18:35:13,745_MainThread_[INFO] : devgroup wait 2s
2019-03-11 18:35:19,207_MainThread_[INFO] : devp2pass
2019-03-11 18:35:23,667_MainThread_[INFO] : devp3pass
2019-03-11 18:35:27,134_MainThread_[INFO] : devp4pass
2019-03-11 18:35:30,554_MainThread_[INFO] : devp5pass
2019-03-11 18:35:35,249_MainThread_[INFO] : devp6pass
2019-03-11 18:35:39,003_MainThread_[INFO] : devp7pass
2019-03-11 18:35:42,875_MainThread_[INFO] : devp8pass
2019-03-11 18:35:46,654_MainThread_[INFO] : devp9pass
2019-03-11 18:36:12,828_MainThread_[INFO] : Enter username: admin
2019-03-11 18:36:13,008_MainThread_[INFO] : Enter password: admin
2019-03-11 18:36:14,461_MainThread_[INFO] : devgroup wait 2s
2019-03-11 18:36:20,756_MainThread_[INFO] : devp10pass
2019-03-11 18:36:25,147_MainThread_[INFO] : devp11pass
2019-03-11 18:36:26,214_MainThread_[INFO] : devp12pass
2019-03-11 18:36:54,626_MainThread_[INFO] : Enter username: admin
2019-03-11 18:36:54,806_MainThread_[INFO] : Enter password: admin
2019-03-11 18:36:56,440_MainThread_[INFO] : devgroup wait 2s
2019-03-11 18:37:02,958_MainThread_[INFO] : dev22222p1111pass
