2019-03-08 15:03:34,678_MainThread_[ERROR] : Enter username: adminxx1
2019-03-08 15:03:34,863_MainThread_[ERROR] : Enter password: ad
2019-03-08 15:03:35,163_MainThread_[INFO] : check : False False result : True
2019-03-08 15:03:35,243_MainThread_[ERROR] : Enter username: xx2
2019-03-08 15:03:35,413_MainThread_[ERROR] : Enter password: ad22
2019-03-08 15:03:35,678_MainThread_[INFO] : check : False False result : True
2019-03-08 15:03:41,921_MainThread_[ERROR] : Enter username: admin
2019-03-08 15:03:42,097_MainThread_[ERROR] : Enter password: admin1
2019-03-08 15:03:42,398_MainThread_[INFO] : check : False False result : True
2019-03-08 15:03:42,480_MainThread_[ERROR] : Enter username: admin
2019-03-08 15:03:42,640_MainThread_[ERROR] : Enter password: admin2
2019-03-08 15:03:42,939_MainThread_[INFO] : check : False False result : True
2019-03-08 15:03:43,007_MainThread_[ERROR] : Enter username: xx
2019-03-08 15:03:43,198_MainThread_[ERROR] : Enter password: xx
2019-03-08 15:03:43,455_MainThread_[INFO] : check : False True result : False
2019-03-08 15:03:43,536_MainThread_[ERROR] : Enter username: admin
2019-03-08 15:03:43,693_MainThread_[ERROR] : Enter password: admin
2019-03-08 15:03:44,788_MainThread_[INFO] : check : True True result : True
2019-03-08 15:07:25,172_MainThread_[ERROR] : Enter username: xx2
2019-03-08 15:07:25,346_MainThread_[ERROR] : Enter password: ad22
2019-03-08 15:07:25,633_MainThread_[INFO] : check : False False result : True
2019-03-08 15:09:28,776_MainThread_[ERROR] : Enter username: xx2
2019-03-08 15:09:28,956_MainThread_[ERROR] : Enter password: ad22
2019-03-08 15:09:29,244_MainThread_[INFO] : check : False False result : True
2019-03-08 15:09:35,913_MainThread_[ERROR] : Enter username: admin
2019-03-08 15:09:36,088_MainThread_[ERROR] : Enter password: admin1
2019-03-08 15:09:36,439_MainThread_[INFO] : check : False False result : True
2019-03-08 15:09:36,523_MainThread_[ERROR] : Enter username: admin
2019-03-08 15:09:36,680_MainThread_[ERROR] : Enter password: admin2
2019-03-08 15:09:37,009_MainThread_[INFO] : check : False False result : True
2019-03-08 15:09:37,133_MainThread_[ERROR] : Enter username: xx
2019-03-08 15:09:37,337_MainThread_[ERROR] : Enter password: xx
2019-03-08 15:09:37,812_MainThread_[INFO] : check : False True result : False
2019-03-08 15:09:37,907_MainThread_[ERROR] : Enter username: admin
2019-03-08 15:09:38,097_MainThread_[ERROR] : Enter password: admin
2019-03-08 15:09:39,861_MainThread_[INFO] : check : True True result : True
2019-03-08 15:15:37,922_MainThread_[ERROR] : Enter username: xx2
2019-03-08 15:15:38,141_MainThread_[ERROR] : Enter password: ad22
2019-03-08 15:15:38,469_MainThread_[INFO] : check : False False result : True
2019-03-08 15:15:38,659_MainThread_[ERROR] : Enter username: adminxx1
2019-03-08 15:15:38,836_MainThread_[ERROR] : Enter password: ad
2019-03-08 15:15:39,100_MainThread_[INFO] : check : False False result : True
2019-03-08 15:15:47,457_MainThread_[ERROR] : Enter username: admin
2019-03-08 15:15:47,631_MainThread_[ERROR] : Enter password: admin1
2019-03-08 15:15:47,923_MainThread_[INFO] : check : False False result : True
2019-03-08 15:15:48,010_MainThread_[ERROR] : Enter username: admin
2019-03-08 15:15:48,170_MainThread_[ERROR] : Enter password: admin2
2019-03-08 15:15:48,441_MainThread_[INFO] : check : False False result : True
2019-03-08 15:15:48,511_MainThread_[ERROR] : Enter username: xx
2019-03-08 15:15:48,673_MainThread_[ERROR] : Enter password: xx
2019-03-08 15:15:49,026_MainThread_[INFO] : check : False True result : False
2019-03-08 15:15:49,119_MainThread_[ERROR] : Enter username: admin
2019-03-08 15:15:49,281_MainThread_[ERROR] : Enter password: admin
2019-03-08 15:15:50,602_MainThread_[INFO] : check : True True result : True
2019-03-08 15:18:55,989_MainThread_[ERROR] : Enter username: xx2
2019-03-08 15:18:56,164_MainThread_[ERROR] : Enter password: ad22
2019-03-08 15:18:56,460_MainThread_[INFO] : check : False False result : True
2019-03-08 15:18:56,523_MainThread_[ERROR] : Enter username: adminxx1
2019-03-08 15:18:56,670_MainThread_[ERROR] : Enter password: ad
2019-03-08 15:18:56,966_MainThread_[INFO] : check : False False result : True
2019-03-08 15:18:57,080_MainThread_[ERROR] : Enter username: adminxx1
2019-03-08 15:18:57,238_MainThread_[ERROR] : Enter password: ad
2019-03-08 15:18:57,552_MainThread_[INFO] : check : False False result : True
2019-03-08 15:18:57,644_MainThread_[ERROR] : Enter username: xx2
2019-03-08 15:18:57,842_MainThread_[ERROR] : Enter password: ad22
2019-03-08 15:18:58,099_MainThread_[INFO] : check : False False result : True
2019-03-08 15:34:57,428_MainThread_[ERROR] : Enter username: adminxx1
2019-03-08 15:34:57,595_MainThread_[ERROR] : Enter password: ad
2019-03-08 15:34:57,900_MainThread_[INFO] : check : False False result : True
2019-03-08 15:34:57,971_MainThread_[ERROR] : Enter username: xx2
2019-03-08 15:34:58,123_MainThread_[ERROR] : Enter password: ad22
2019-03-08 15:34:58,376_MainThread_[INFO] : check : False False result : True
2019-03-08 15:35:12,046_MainThread_[ERROR] : Enter username: admin
2019-03-08 15:35:12,287_MainThread_[ERROR] : Enter password: admin1
2019-03-08 15:35:12,597_MainThread_[INFO] : check : False False result : True
2019-03-08 15:35:12,675_MainThread_[ERROR] : Enter username: admin
2019-03-08 15:35:12,903_MainThread_[ERROR] : Enter password: admin2
2019-03-08 15:35:13,162_MainThread_[INFO] : check : False False result : True
2019-03-08 15:35:13,235_MainThread_[ERROR] : Enter username: xx
2019-03-08 15:35:13,394_MainThread_[ERROR] : Enter password: xx
2019-03-08 15:35:13,669_MainThread_[INFO] : check : False True result : False
2019-03-08 15:35:13,756_MainThread_[ERROR] : Enter username: admin
2019-03-08 15:35:13,909_MainThread_[ERROR] : Enter password: admin
2019-03-08 15:35:15,001_MainThread_[INFO] : check : True True result : True
2019-03-08 15:35:23,608_MainThread_[ERROR] : Enter username: adminxx1
2019-03-08 15:35:23,855_MainThread_[ERROR] : Enter password: ad
2019-03-08 15:35:24,167_MainThread_[INFO] : check : False False result : True
2019-03-08 15:35:24,307_MainThread_[ERROR] : Enter username: xx2
2019-03-08 15:35:24,495_MainThread_[ERROR] : Enter password: ad22
2019-03-08 15:35:24,761_MainThread_[INFO] : check : False False result : True
2019-03-08 15:37:08,542_MainThread_[ERROR] : Enter username: admin
2019-03-08 15:37:08,722_MainThread_[ERROR] : Enter password: admin1
2019-03-08 15:37:09,027_MainThread_[INFO] : check : False False result : True
2019-03-08 15:37:09,150_MainThread_[ERROR] : Enter username: admin
2019-03-08 15:37:09,358_MainThread_[ERROR] : Enter password: admin2
2019-03-08 15:37:09,680_MainThread_[INFO] : check : False False result : True
2019-03-08 15:37:09,771_MainThread_[ERROR] : Enter username: xx
2019-03-08 15:37:09,922_MainThread_[ERROR] : Enter password: xx
2019-03-08 15:37:10,182_MainThread_[INFO] : check : False True result : False
2019-03-08 15:37:10,276_MainThread_[ERROR] : Enter username: admin
2019-03-08 15:37:10,444_MainThread_[ERROR] : Enter password: admin
2019-03-08 15:37:11,988_MainThread_[INFO] : check : True True result : True
2019-03-08 15:37:19,599_MainThread_[ERROR] : Enter username: adminxx1
2019-03-08 15:37:19,769_MainThread_[ERROR] : Enter password: ad
2019-03-08 15:37:20,049_MainThread_[INFO] : check : False False result : True
2019-03-08 15:37:20,127_MainThread_[ERROR] : Enter username: xx2
2019-03-08 15:37:20,289_MainThread_[ERROR] : Enter password: ad22
2019-03-08 15:37:20,556_MainThread_[INFO] : check : False False result : True
2019-03-08 15:42:36,985_MainThread_[ERROR] : Enter username: adminxx1
2019-03-08 15:42:37,154_MainThread_[ERROR] : Enter password: ad
2019-03-08 15:42:37,434_MainThread_[INFO] : check : False False result : True
2019-03-08 15:42:37,517_MainThread_[ERROR] : Enter username: xx2
2019-03-08 15:42:37,678_MainThread_[ERROR] : Enter password: ad22
2019-03-08 15:42:37,938_MainThread_[INFO] : check : False False result : True
2019-03-08 15:42:45,093_MainThread_[ERROR] : Enter username: admin
2019-03-08 15:42:45,271_MainThread_[ERROR] : Enter password: admin1
2019-03-08 15:42:45,564_MainThread_[INFO] : check : False False result : True
2019-03-08 15:42:45,650_MainThread_[ERROR] : Enter username: admin
2019-03-08 15:42:45,808_MainThread_[ERROR] : Enter password: admin2
2019-03-08 15:42:46,132_MainThread_[INFO] : check : False False result : True
2019-03-08 15:42:46,234_MainThread_[ERROR] : Enter username: xx
2019-03-08 15:42:46,388_MainThread_[ERROR] : Enter password: xx
2019-03-08 15:42:46,695_MainThread_[INFO] : check : False True result : False
2019-03-08 15:42:46,832_MainThread_[ERROR] : Enter username: admin
2019-03-08 15:42:47,021_MainThread_[ERROR] : Enter password: admin
2019-03-08 15:42:48,217_MainThread_[INFO] : check : True True result : True
